<?xml version="1.0" ?>
<coverage version="1.0" timestamp="0" lines-valid="3" lines-covered="3" line-rate="1.0" branches-covered="0" branches-valid="0" branch-rate="0">
    <sources>
        <source></source>
        <source>/home/user/project/src</source>
        <source>/home/user/project/lib</source>
    </sources>
    <packages>
        <package name="pkg" line-rate="1.0" branch-rate="0" complexity="0">
            <classes>
                <class name="app.py" filename="app.py" complexity="0" line-rate="1.0" branch-rate="0">
                    <methods/>
                    <lines>
                        <line number="1" hits="1"/>
                        <line number="2" hits="1"/>
                        <line number="3" hits="1"/>
                    </lines>
                </class>
            </classes>
        </package>
    </packages>
</coverage>
