<?xml version="1.0" encoding="UTF-8"?>
<coverage generated="1695949238" clover="4.4.1">
    <project timestamp="1695949238" name="my-project">
        <metrics statements="10" coveredstatements="8" conditionals="2" coveredconditionals="1" methods="2" coveredmethods="2" elements="14" coveredelements="11" complexity="5" loc="10" ncloc="10" packages="1" files="2" classes="2"/>
        <package name="mypackage">
            <metrics statements="10" coveredstatements="8" conditionals="2" coveredconditionals="1" methods="2" coveredmethods="2" elements="14" coveredelements="11" complexity="5" loc="10" ncloc="10" files="2" classes="2"/>
            <file name="main.py" path="/home/user/project/src/main.py">
                <metrics statements="8" coveredstatements="6" conditionals="2" coveredconditionals="1" methods="1" coveredmethods="1" elements="11" coveredelements="8" loc="8" ncloc="8" classes="1"/>
                <class name="Main" metrics-ignored="true">
                    <metrics statements="8" coveredstatements="6" conditionals="2" coveredconditionals="1" methods="1" coveredmethods="1"/>
                </class>
                <line num="1" count="1" type="stmt"/>
                <line num="2" count="1" type="stmt"/>
                <line num="3" count="0" type="stmt"/>
                <line num="5" count="3" type="method" signature="do_stuff()" visibility="public"/>
                <line num="6" count="3" type="stmt"/>
                <line num="8" count="1" type="cond" truecount="1" falsecount="1"/>
                <line num="9" count="1" type="stmt"/>
                <line num="10" count="0" type="stmt"/>
            </file>
            <file name="util.py" path="/home/user/project/src/util.py">
                <metrics statements="2" coveredstatements="2" conditionals="0" coveredconditionals="0" methods="1" coveredmethods="1" elements="3" coveredelements="3" loc="2" ncloc="2" classes="1"/>
                <class name="Util" metrics-ignored="true">
                    <metrics statements="2" coveredstatements="2" conditionals="0" coveredconditionals="0" methods="1" coveredmethods="1"/>
                </class>
                <line num="1" count="2" type="stmt"/>
                <line num="2" count="2" type="stmt"/>
            </file>
        </package>
    </project>
</coverage>
