<?xml version="1.0" encoding="UTF-8"?>
<!DOCTYPE report PUBLIC "-//JACOCO//DTD Report 1.1//EN" "report.dtd">
<report name="sample">
  <sessioninfo id="session1" start="1000000" dump="2000000"/>
  <package name="com/example">
    <class name="com/example/Foo" sourcefilename="Foo.java">
      <method name="&lt;init&gt;" desc="()V" line="3">
        <counter type="INSTRUCTION" missed="0" covered="3"/>
        <counter type="LINE" missed="0" covered="1"/>
        <counter type="METHOD" missed="0" covered="1"/>
      </method>
      <method name="doStuff" desc="()V" line="10">
        <counter type="INSTRUCTION" missed="2" covered="10"/>
        <counter type="BRANCH" missed="1" covered="1"/>
        <counter type="LINE" missed="1" covered="3"/>
        <counter type="METHOD" missed="0" covered="1"/>
      </method>
      <counter type="INSTRUCTION" missed="2" covered="13"/>
      <counter type="BRANCH" missed="1" covered="1"/>
      <counter type="LINE" missed="1" covered="4"/>
      <counter type="METHOD" missed="0" covered="2"/>
    </class>
    <class name="com/example/Bar" sourcefilename="Bar.java">
      <method name="&lt;init&gt;" desc="()V" line="5">
        <counter type="INSTRUCTION" missed="0" covered="3"/>
        <counter type="LINE" missed="0" covered="1"/>
        <counter type="METHOD" missed="0" covered="1"/>
      </method>
      <counter type="INSTRUCTION" missed="0" covered="5"/>
      <counter type="LINE" missed="0" covered="2"/>
      <counter type="METHOD" missed="0" covered="1"/>
    </class>
    <sourcefile name="Foo.java">
      <line nr="3" mi="0" ci="3" mb="0" cb="0"/>
      <line nr="10" mi="0" ci="5" mb="0" cb="0"/>
      <line nr="11" mi="0" ci="5" mb="1" cb="1"/>
      <line nr="12" mi="2" ci="0" mb="0" cb="0"/>
      <line nr="15" mi="0" ci="3" mb="0" cb="0"/>
      <counter type="INSTRUCTION" missed="2" covered="13"/>
      <counter type="BRANCH" missed="1" covered="1"/>
      <counter type="LINE" missed="1" covered="4"/>
    </sourcefile>
    <sourcefile name="Bar.java">
      <line nr="5" mi="0" ci="3" mb="0" cb="0"/>
      <line nr="6" mi="0" ci="2" mb="0" cb="0"/>
      <counter type="INSTRUCTION" missed="0" covered="5"/>
      <counter type="LINE" missed="0" covered="2"/>
    </sourcefile>
  </package>
</report>
