<?xml version="1.0" ?>
<coverage version="7.3.0" timestamp="1695949238348" lines-valid="10" lines-covered="8" line-rate="0.8" branches-covered="1" branches-valid="2" branch-rate="0.5" complexity="0">
    <sources>
        <source>/home/user/project/src</source>
    </sources>
    <packages>
        <package name="mypackage" line-rate="0.8" branch-rate="0.5" complexity="0">
            <classes>
                <class name="main.py" filename="main.py" complexity="0" line-rate="0.8" branch-rate="0.5">
                    <methods>
                        <method name="do_stuff" signature="()" line-rate="1.0" branch-rate="0">
                            <lines>
                                <line number="5" hits="3"/>
                                <line number="6" hits="3"/>
                            </lines>
                        </method>
                    </methods>
                    <lines>
                        <line number="1" hits="1"/>
                        <line number="2" hits="1"/>
                        <line number="3" hits="0"/>
                        <line number="5" hits="3"/>
                        <line number="6" hits="3"/>
                        <line number="8" hits="1" branch="true" condition-coverage="50% (1/2)"/>
                        <line number="9" hits="1"/>
                        <line number="10" hits="0"/>
                    </lines>
                </class>
                <class name="util.py" filename="util.py" complexity="0" line-rate="1" branch-rate="0">
                    <methods/>
                    <lines>
                        <line number="1" hits="2"/>
                        <line number="2" hits="2"/>
                    </lines>
                </class>
            </classes>
        </package>
    </packages>
</coverage>
